<?xml version="1.0" encoding="UTF-8"?>
<robot generator="Robot 3.1.2 (Python 3.6.8 on win32)" generated="20220219 18:15:53.987" rpa="false">
<suite id="s1" name="Bi Login" source="E:\PY_WORKSPACE\FR_API_CODE\bi_login.robot">
<test id="s1-t1" name="BI LOGIN">
<kw name="Create Session" library="RequestsLibrary">
<doc>Create Session: create a HTTP session to a server</doc>
<arguments>
<arg>domain</arg>
<arg>${HOST}${server}</arg>
</arguments>
<msg timestamp="20220219 18:15:54.194" level="INFO">Creating Session using : alias=domain, url=http://192.168.5.102:47799/webroot/decision, headers={},                     cookies={}, auth=None, timeout=None, proxies=None, verify=False,                     debug=0 </msg>
<status status="PASS" starttime="20220219 18:15:54.194" endtime="20220219 18:15:54.194"></status>
</kw>
<kw name="Create Dictionary" library="BuiltIn">
<doc>Creates and returns a dictionary based on the given ``items``.</doc>
<arguments>
<arg>username=${USERNAME}</arg>
<arg>password=${PASSWORD}</arg>
</arguments>
<assign>
<var>${data}</var>
</assign>
<msg timestamp="20220219 18:15:54.195" level="INFO">${data} = {'username': 'Alice', 'password': '1'}</msg>
<status status="PASS" starttime="20220219 18:15:54.194" endtime="20220219 18:15:54.195"></status>
</kw>
<kw name="Post Request" library="RequestsLibrary">
<doc>*DEPRECATED* Please use `POST On Session` instead.</doc>
<arguments>
<arg>domain</arg>
<arg>${server}/login</arg>
<arg>headers=${headers}</arg>
<arg>data=${data}</arg>
</arguments>
<assign>
<var>${response}</var>
</assign>
<msg timestamp="20220219 18:15:54.195" level="WARN">Keyword 'RequestsLibrary.Post Request' is deprecated. Please use `POST On Session` instead.</msg>
<msg timestamp="20220219 18:15:54.320" level="INFO">POST Request : url=http://192.168.5.102:47799/webroot/decision/login 
 path_url=/webroot/decision/login 
 headers={'User-Agent': 'python-requests/2.24.0', 'Accept-Encoding': 'gzip, deflate', 'Accept': '*/*', 'Connection': 'keep-alive', 'Content-Type': 'application/json', 'Content-Length': '38'} 
 body={"username": "Alice", "password": "1"} 
 </msg>
<msg timestamp="20220219 18:15:54.321" level="INFO">POST Response : url=http://192.168.5.102:47799/webroot/decision/login 
 status=200, reason= 
 headers={'X-Content-Type-Options': 'nosniff', 'X-XSS-Protection': '1; mode=block', 'X-Frame-Options': 'SAMEORIGIN', 'Content-Security-Policy': "object-src 'self'", 'Cache-Control': 'no-cache', 'Pragma': 'no-cache', 'Expires': 'Thu, 01 Jan 1970 00:00:00 GMT', 'Set-Cookie': 'tenantId=default; Max-Age=1209600000; Expires=Sat, 19-Jun-2060 10:15:55 GMT; Path=/', 'Content-Type': 'application/json;charset=UTF-8', 'Transfer-Encoding': 'chunked', 'Date': 'Sat, 19 Feb 2022 10:15:55 GMT', 'Keep-Alive': 'timeout=60', 'Connection': 'keep-alive'} 
 body={"data":{"username":"Alice","validity":0,"callback":null,"accessToken":"eyJhbGciOiJIUzI1NiJ9.eyJzdWIiOiJBbGljZSIsInRlbmFudElkIjoiZGVmYXVsdCIsImlzcyI6ImZhbnJ1YW4iLCJkZXNjcmlwdGlvbiI6Ils1OTBmXVs2ODg1XShBbGljZSkiLCJleHAiOjE2NDUyNjkzNTUsImlhdCI6MTY0NTI2NTc1NSwianRpIjoiS3ZSTENPREgwa0VuRXZMdWd0WUp0RjdCS0VNZHhuNjZ3a3J6cDdIaTFTcDlsWWFSIn0.NkUhQRh2Go8Inwwi1t6-wICC5RM8n0607Ri9QY2wAaY","originUrlResponse":{"originUrl":"/webroot/decision","method":"GET","parameters":{}},"url":"/webroot/decision"}} 
 </msg>
<msg timestamp="20220219 18:15:54.321" level="INFO">${response} = &lt;Response [200]&gt;</msg>
<status status="PASS" starttime="20220219 18:15:54.195" endtime="20220219 18:15:54.321"></status>
</kw>
<kw name="To Json" library="RequestsLibrary">
<doc>*DEPRECATED* Please use ${resp.json()} instead. Have a look at the improved HTML output as pretty printing replacement.</doc>
<arguments>
<arg>${response.text}</arg>
</arguments>
<assign>
<var>${resp}</var>
</assign>
<msg timestamp="20220219 18:15:54.321" level="WARN">Keyword 'RequestsLibrary.To Json' is deprecated. Please use ${resp.json()} instead. Have a look at the improved HTML output as pretty printing replacement.</msg>
<msg timestamp="20220219 18:15:54.322" level="INFO">To JSON using : content={"data":{"username":"Alice","validity":0,"callback":null,"accessToken":"eyJhbGciOiJIUzI1NiJ9.eyJzdWIiOiJBbGljZSIsInRlbmFudElkIjoiZGVmYXVsdCIsImlzcyI6ImZhbnJ1YW4iLCJkZXNjcmlwdGlvbiI6Ils1OTBmXVs2ODg1XShBbGljZSkiLCJleHAiOjE2NDUyNjkzNTUsImlhdCI6MTY0NTI2NTc1NSwianRpIjoiS3ZSTENPREgwa0VuRXZMdWd0WUp0RjdCS0VNZHhuNjZ3a3J6cDdIaTFTcDlsWWFSIn0.NkUhQRh2Go8Inwwi1t6-wICC5RM8n0607Ri9QY2wAaY","originUrlResponse":{"originUrl":"/webroot/decision","method":"GET","parameters":{}},"url":"/webroot/decision"}} </msg>
<msg timestamp="20220219 18:15:54.322" level="INFO">To JSON using : pretty_print=False </msg>
<msg timestamp="20220219 18:15:54.322" level="INFO">${resp} = {'data': {'username': 'Alice', 'validity': 0, 'callback': None, 'accessToken': 'eyJhbGciOiJIUzI1NiJ9.eyJzdWIiOiJBbGljZSIsInRlbmFudElkIjoiZGVmYXVsdCIsImlzcyI6ImZhbnJ1YW4iLCJkZXNjcmlwdGlvbiI6Ils1OTBmXVs...</msg>
<status status="PASS" starttime="20220219 18:15:54.321" endtime="20220219 18:15:54.322"></status>
</kw>
<kw name="Set Variable" library="BuiltIn">
<doc>Returns the given values which can then be assigned to a variables.</doc>
<arguments>
<arg>${resp['data']['accessToken']}</arg>
</arguments>
<assign>
<var>${accessToken}</var>
</assign>
<msg timestamp="20220219 18:15:54.323" level="INFO">${accessToken} = eyJhbGciOiJIUzI1NiJ9.eyJzdWIiOiJBbGljZSIsInRlbmFudElkIjoiZGVmYXVsdCIsImlzcyI6ImZhbnJ1YW4iLCJkZXNjcmlwdGlvbiI6Ils1OTBmXVs2ODg1XShBbGljZSkiLCJleHAiOjE2NDUyNjkzNTUsImlhdCI6MTY0NTI2NTc1NSwianRpIjoiS3ZSTEN...</msg>
<status status="PASS" starttime="20220219 18:15:54.322" endtime="20220219 18:15:54.323"></status>
</kw>
<kw name="Log" library="BuiltIn">
<doc>Logs the given message with the given level.</doc>
<arguments>
<arg>${accessToken}</arg>
</arguments>
<msg timestamp="20220219 18:15:54.323" level="INFO">eyJhbGciOiJIUzI1NiJ9.eyJzdWIiOiJBbGljZSIsInRlbmFudElkIjoiZGVmYXVsdCIsImlzcyI6ImZhbnJ1YW4iLCJkZXNjcmlwdGlvbiI6Ils1OTBmXVs2ODg1XShBbGljZSkiLCJleHAiOjE2NDUyNjkzNTUsImlhdCI6MTY0NTI2NTc1NSwianRpIjoiS3ZSTENPREgwa0VuRXZMdWd0WUp0RjdCS0VNZHhuNjZ3a3J6cDdIaTFTcDlsWWFSIn0.NkUhQRh2Go8Inwwi1t6-wICC5RM8n0607Ri9QY2wAaY</msg>
<status status="PASS" starttime="20220219 18:15:54.323" endtime="20220219 18:15:54.323"></status>
</kw>
<kw name="Should Be Equal As Strings" library="BuiltIn">
<doc>Fails if objects are unequal after converting them to strings.</doc>
<arguments>
<arg>${USERNAME}</arg>
<arg>${resp['data']['username']}</arg>
</arguments>
<status status="PASS" starttime="20220219 18:15:54.324" endtime="20220219 18:15:54.324"></status>
</kw>
<status status="PASS" starttime="20220219 18:15:54.194" endtime="20220219 18:15:54.324" critical="yes"></status>
</test>
<status status="PASS" starttime="20220219 18:15:53.989" endtime="20220219 18:15:54.325"></status>
</suite>
<statistics>
<total>
<stat pass="1" fail="0">Critical Tests</stat>
<stat pass="1" fail="0">All Tests</stat>
</total>
<tag>
</tag>
<suite>
<stat pass="1" fail="0" id="s1" name="Bi Login">Bi Login</stat>
</suite>
</statistics>
<errors>
<msg timestamp="20220219 18:15:54.195" level="WARN">Keyword 'RequestsLibrary.Post Request' is deprecated. Please use `POST On Session` instead.</msg>
<msg timestamp="20220219 18:15:54.321" level="WARN">Keyword 'RequestsLibrary.To Json' is deprecated. Please use ${resp.json()} instead. Have a look at the improved HTML output as pretty printing replacement.</msg>
</errors>
</robot>
